                                      1 ;--------------------------------------------------------
                                      2 ; File Created by SDCC : free open source ANSI-C Compiler
                                      3 ; Version 4.2.0 #13081 (Linux)
                                      4 ;--------------------------------------------------------
                                      5 	.module data
                                      6 	.optsdcc -mz80
                                      7 	
                                      8 ;--------------------------------------------------------
                                      9 ; Public variables in this module
                                     10 ;--------------------------------------------------------
                                     11 	.globl _font_1bpp
                                     12 	.globl _font_1bpp_size
                                     13 ;--------------------------------------------------------
                                     14 ; special function registers
                                     15 ;--------------------------------------------------------
                                     16 ;--------------------------------------------------------
                                     17 ; ram data
                                     18 ;--------------------------------------------------------
                                     19 	.area _DATA
                                     20 ;--------------------------------------------------------
                                     21 ; ram data
                                     22 ;--------------------------------------------------------
                                     23 	.area _INITIALIZED
      000000                         24 _font_1bpp_size::
      000000                         25 	.ds 2
                                     26 ;--------------------------------------------------------
                                     27 ; absolute external ram data
                                     28 ;--------------------------------------------------------
                                     29 	.area _DABS (ABS)
                                     30 ;--------------------------------------------------------
                                     31 ; global & static initialisations
                                     32 ;--------------------------------------------------------
                                     33 	.area _HOME
                                     34 	.area _GSINIT
                                     35 	.area _GSFINAL
                                     36 	.area _GSINIT
                                     37 ;--------------------------------------------------------
                                     38 ; Home
                                     39 ;--------------------------------------------------------
                                     40 	.area _HOME
                                     41 	.area _HOME
                                     42 ;--------------------------------------------------------
                                     43 ; code
                                     44 ;--------------------------------------------------------
                                     45 	.area _CODE
                                     46 	.area _CODE
      000000                         47 _font_1bpp:
      000000 00                      48 	.db #0x00	; 0
      000001 00                      49 	.db #0x00	; 0
      000002 00                      50 	.db #0x00	; 0
      000003 00                      51 	.db #0x00	; 0
      000004 00                      52 	.db #0x00	; 0
      000005 00                      53 	.db #0x00	; 0
      000006 00                      54 	.db #0x00	; 0
      000007 00                      55 	.db #0x00	; 0
      000008 18                      56 	.db #0x18	; 24
      000009 18                      57 	.db #0x18	; 24
      00000A 18                      58 	.db #0x18	; 24
      00000B 18                      59 	.db #0x18	; 24
      00000C 18                      60 	.db #0x18	; 24
      00000D 00                      61 	.db #0x00	; 0
      00000E 18                      62 	.db #0x18	; 24
      00000F 00                      63 	.db #0x00	; 0
      000010 6C                      64 	.db #0x6c	; 108	'l'
      000011 6C                      65 	.db #0x6c	; 108	'l'
      000012 6C                      66 	.db #0x6c	; 108	'l'
      000013 00                      67 	.db #0x00	; 0
      000014 00                      68 	.db #0x00	; 0
      000015 00                      69 	.db #0x00	; 0
      000016 00                      70 	.db #0x00	; 0
      000017 00                      71 	.db #0x00	; 0
      000018 36                      72 	.db #0x36	; 54	'6'
      000019 36                      73 	.db #0x36	; 54	'6'
      00001A 7F                      74 	.db #0x7f	; 127
      00001B 36                      75 	.db #0x36	; 54	'6'
      00001C 7F                      76 	.db #0x7f	; 127
      00001D 36                      77 	.db #0x36	; 54	'6'
      00001E 36                      78 	.db #0x36	; 54	'6'
      00001F 00                      79 	.db #0x00	; 0
      000020 0C                      80 	.db #0x0c	; 12
      000021 3F                      81 	.db #0x3f	; 63
      000022 68                      82 	.db #0x68	; 104	'h'
      000023 3E                      83 	.db #0x3e	; 62
      000024 0B                      84 	.db #0x0b	; 11
      000025 7E                      85 	.db #0x7e	; 126
      000026 18                      86 	.db #0x18	; 24
      000027 00                      87 	.db #0x00	; 0
      000028 60                      88 	.db #0x60	; 96
      000029 66                      89 	.db #0x66	; 102	'f'
      00002A 0C                      90 	.db #0x0c	; 12
      00002B 18                      91 	.db #0x18	; 24
      00002C 30                      92 	.db #0x30	; 48	'0'
      00002D 66                      93 	.db #0x66	; 102	'f'
      00002E 06                      94 	.db #0x06	; 6
      00002F 00                      95 	.db #0x00	; 0
      000030 38                      96 	.db #0x38	; 56	'8'
      000031 6C                      97 	.db #0x6c	; 108	'l'
      000032 6C                      98 	.db #0x6c	; 108	'l'
      000033 38                      99 	.db #0x38	; 56	'8'
      000034 6D                     100 	.db #0x6d	; 109	'm'
      000035 66                     101 	.db #0x66	; 102	'f'
      000036 3B                     102 	.db #0x3b	; 59
      000037 00                     103 	.db #0x00	; 0
      000038 18                     104 	.db #0x18	; 24
      000039 18                     105 	.db #0x18	; 24
      00003A 18                     106 	.db #0x18	; 24
      00003B 00                     107 	.db #0x00	; 0
      00003C 00                     108 	.db #0x00	; 0
      00003D 00                     109 	.db #0x00	; 0
      00003E 00                     110 	.db #0x00	; 0
      00003F 00                     111 	.db #0x00	; 0
      000040 0C                     112 	.db #0x0c	; 12
      000041 18                     113 	.db #0x18	; 24
      000042 30                     114 	.db #0x30	; 48	'0'
      000043 30                     115 	.db #0x30	; 48	'0'
      000044 30                     116 	.db #0x30	; 48	'0'
      000045 18                     117 	.db #0x18	; 24
      000046 0C                     118 	.db #0x0c	; 12
      000047 00                     119 	.db #0x00	; 0
      000048 30                     120 	.db #0x30	; 48	'0'
      000049 18                     121 	.db #0x18	; 24
      00004A 0C                     122 	.db #0x0c	; 12
      00004B 0C                     123 	.db #0x0c	; 12
      00004C 0C                     124 	.db #0x0c	; 12
      00004D 18                     125 	.db #0x18	; 24
      00004E 30                     126 	.db #0x30	; 48	'0'
      00004F 00                     127 	.db #0x00	; 0
      000050 00                     128 	.db #0x00	; 0
      000051 18                     129 	.db #0x18	; 24
      000052 7E                     130 	.db #0x7e	; 126
      000053 3C                     131 	.db #0x3c	; 60
      000054 7E                     132 	.db #0x7e	; 126
      000055 18                     133 	.db #0x18	; 24
      000056 00                     134 	.db #0x00	; 0
      000057 00                     135 	.db #0x00	; 0
      000058 00                     136 	.db #0x00	; 0
      000059 18                     137 	.db #0x18	; 24
      00005A 18                     138 	.db #0x18	; 24
      00005B 7E                     139 	.db #0x7e	; 126
      00005C 18                     140 	.db #0x18	; 24
      00005D 18                     141 	.db #0x18	; 24
      00005E 00                     142 	.db #0x00	; 0
      00005F 00                     143 	.db #0x00	; 0
      000060 00                     144 	.db #0x00	; 0
      000061 00                     145 	.db #0x00	; 0
      000062 00                     146 	.db #0x00	; 0
      000063 00                     147 	.db #0x00	; 0
      000064 00                     148 	.db #0x00	; 0
      000065 18                     149 	.db #0x18	; 24
      000066 18                     150 	.db #0x18	; 24
      000067 30                     151 	.db #0x30	; 48	'0'
      000068 00                     152 	.db #0x00	; 0
      000069 00                     153 	.db #0x00	; 0
      00006A 00                     154 	.db #0x00	; 0
      00006B 7E                     155 	.db #0x7e	; 126
      00006C 00                     156 	.db #0x00	; 0
      00006D 00                     157 	.db #0x00	; 0
      00006E 00                     158 	.db #0x00	; 0
      00006F 00                     159 	.db #0x00	; 0
      000070 00                     160 	.db #0x00	; 0
      000071 00                     161 	.db #0x00	; 0
      000072 00                     162 	.db #0x00	; 0
      000073 00                     163 	.db #0x00	; 0
      000074 00                     164 	.db #0x00	; 0
      000075 18                     165 	.db #0x18	; 24
      000076 18                     166 	.db #0x18	; 24
      000077 00                     167 	.db #0x00	; 0
      000078 00                     168 	.db #0x00	; 0
      000079 06                     169 	.db #0x06	; 6
      00007A 0C                     170 	.db #0x0c	; 12
      00007B 18                     171 	.db #0x18	; 24
      00007C 30                     172 	.db #0x30	; 48	'0'
      00007D 60                     173 	.db #0x60	; 96
      00007E 00                     174 	.db #0x00	; 0
      00007F 00                     175 	.db #0x00	; 0
      000080 3C                     176 	.db #0x3c	; 60
      000081 66                     177 	.db #0x66	; 102	'f'
      000082 6E                     178 	.db #0x6e	; 110	'n'
      000083 7E                     179 	.db #0x7e	; 126
      000084 76                     180 	.db #0x76	; 118	'v'
      000085 66                     181 	.db #0x66	; 102	'f'
      000086 3C                     182 	.db #0x3c	; 60
      000087 00                     183 	.db #0x00	; 0
      000088 18                     184 	.db #0x18	; 24
      000089 38                     185 	.db #0x38	; 56	'8'
      00008A 18                     186 	.db #0x18	; 24
      00008B 18                     187 	.db #0x18	; 24
      00008C 18                     188 	.db #0x18	; 24
      00008D 18                     189 	.db #0x18	; 24
      00008E 7E                     190 	.db #0x7e	; 126
      00008F 00                     191 	.db #0x00	; 0
      000090 3C                     192 	.db #0x3c	; 60
      000091 66                     193 	.db #0x66	; 102	'f'
      000092 06                     194 	.db #0x06	; 6
      000093 0C                     195 	.db #0x0c	; 12
      000094 18                     196 	.db #0x18	; 24
      000095 30                     197 	.db #0x30	; 48	'0'
      000096 7E                     198 	.db #0x7e	; 126
      000097 00                     199 	.db #0x00	; 0
      000098 3C                     200 	.db #0x3c	; 60
      000099 66                     201 	.db #0x66	; 102	'f'
      00009A 06                     202 	.db #0x06	; 6
      00009B 1C                     203 	.db #0x1c	; 28
      00009C 06                     204 	.db #0x06	; 6
      00009D 66                     205 	.db #0x66	; 102	'f'
      00009E 3C                     206 	.db #0x3c	; 60
      00009F 00                     207 	.db #0x00	; 0
      0000A0 0C                     208 	.db #0x0c	; 12
      0000A1 1C                     209 	.db #0x1c	; 28
      0000A2 3C                     210 	.db #0x3c	; 60
      0000A3 6C                     211 	.db #0x6c	; 108	'l'
      0000A4 7E                     212 	.db #0x7e	; 126
      0000A5 0C                     213 	.db #0x0c	; 12
      0000A6 0C                     214 	.db #0x0c	; 12
      0000A7 00                     215 	.db #0x00	; 0
      0000A8 7E                     216 	.db #0x7e	; 126
      0000A9 60                     217 	.db #0x60	; 96
      0000AA 7C                     218 	.db #0x7c	; 124
      0000AB 06                     219 	.db #0x06	; 6
      0000AC 06                     220 	.db #0x06	; 6
      0000AD 66                     221 	.db #0x66	; 102	'f'
      0000AE 3C                     222 	.db #0x3c	; 60
      0000AF 00                     223 	.db #0x00	; 0
      0000B0 1C                     224 	.db #0x1c	; 28
      0000B1 30                     225 	.db #0x30	; 48	'0'
      0000B2 60                     226 	.db #0x60	; 96
      0000B3 7C                     227 	.db #0x7c	; 124
      0000B4 66                     228 	.db #0x66	; 102	'f'
      0000B5 66                     229 	.db #0x66	; 102	'f'
      0000B6 3C                     230 	.db #0x3c	; 60
      0000B7 00                     231 	.db #0x00	; 0
      0000B8 7E                     232 	.db #0x7e	; 126
      0000B9 06                     233 	.db #0x06	; 6
      0000BA 0C                     234 	.db #0x0c	; 12
      0000BB 18                     235 	.db #0x18	; 24
      0000BC 30                     236 	.db #0x30	; 48	'0'
      0000BD 30                     237 	.db #0x30	; 48	'0'
      0000BE 30                     238 	.db #0x30	; 48	'0'
      0000BF 00                     239 	.db #0x00	; 0
      0000C0 3C                     240 	.db #0x3c	; 60
      0000C1 66                     241 	.db #0x66	; 102	'f'
      0000C2 66                     242 	.db #0x66	; 102	'f'
      0000C3 3C                     243 	.db #0x3c	; 60
      0000C4 66                     244 	.db #0x66	; 102	'f'
      0000C5 66                     245 	.db #0x66	; 102	'f'
      0000C6 3C                     246 	.db #0x3c	; 60
      0000C7 00                     247 	.db #0x00	; 0
      0000C8 3C                     248 	.db #0x3c	; 60
      0000C9 66                     249 	.db #0x66	; 102	'f'
      0000CA 66                     250 	.db #0x66	; 102	'f'
      0000CB 3E                     251 	.db #0x3e	; 62
      0000CC 06                     252 	.db #0x06	; 6
      0000CD 0C                     253 	.db #0x0c	; 12
      0000CE 38                     254 	.db #0x38	; 56	'8'
      0000CF 00                     255 	.db #0x00	; 0
      0000D0 00                     256 	.db #0x00	; 0
      0000D1 00                     257 	.db #0x00	; 0
      0000D2 18                     258 	.db #0x18	; 24
      0000D3 18                     259 	.db #0x18	; 24
      0000D4 00                     260 	.db #0x00	; 0
      0000D5 18                     261 	.db #0x18	; 24
      0000D6 18                     262 	.db #0x18	; 24
      0000D7 00                     263 	.db #0x00	; 0
      0000D8 00                     264 	.db #0x00	; 0
      0000D9 00                     265 	.db #0x00	; 0
      0000DA 18                     266 	.db #0x18	; 24
      0000DB 18                     267 	.db #0x18	; 24
      0000DC 00                     268 	.db #0x00	; 0
      0000DD 18                     269 	.db #0x18	; 24
      0000DE 18                     270 	.db #0x18	; 24
      0000DF 30                     271 	.db #0x30	; 48	'0'
      0000E0 0C                     272 	.db #0x0c	; 12
      0000E1 18                     273 	.db #0x18	; 24
      0000E2 30                     274 	.db #0x30	; 48	'0'
      0000E3 60                     275 	.db #0x60	; 96
      0000E4 30                     276 	.db #0x30	; 48	'0'
      0000E5 18                     277 	.db #0x18	; 24
      0000E6 0C                     278 	.db #0x0c	; 12
      0000E7 00                     279 	.db #0x00	; 0
      0000E8 00                     280 	.db #0x00	; 0
      0000E9 00                     281 	.db #0x00	; 0
      0000EA 7E                     282 	.db #0x7e	; 126
      0000EB 00                     283 	.db #0x00	; 0
      0000EC 7E                     284 	.db #0x7e	; 126
      0000ED 00                     285 	.db #0x00	; 0
      0000EE 00                     286 	.db #0x00	; 0
      0000EF 00                     287 	.db #0x00	; 0
      0000F0 30                     288 	.db #0x30	; 48	'0'
      0000F1 18                     289 	.db #0x18	; 24
      0000F2 0C                     290 	.db #0x0c	; 12
      0000F3 06                     291 	.db #0x06	; 6
      0000F4 0C                     292 	.db #0x0c	; 12
      0000F5 18                     293 	.db #0x18	; 24
      0000F6 30                     294 	.db #0x30	; 48	'0'
      0000F7 00                     295 	.db #0x00	; 0
      0000F8 3C                     296 	.db #0x3c	; 60
      0000F9 66                     297 	.db #0x66	; 102	'f'
      0000FA 0C                     298 	.db #0x0c	; 12
      0000FB 18                     299 	.db #0x18	; 24
      0000FC 18                     300 	.db #0x18	; 24
      0000FD 00                     301 	.db #0x00	; 0
      0000FE 18                     302 	.db #0x18	; 24
      0000FF 00                     303 	.db #0x00	; 0
      000100 3C                     304 	.db #0x3c	; 60
      000101 66                     305 	.db #0x66	; 102	'f'
      000102 6E                     306 	.db #0x6e	; 110	'n'
      000103 6A                     307 	.db #0x6a	; 106	'j'
      000104 6E                     308 	.db #0x6e	; 110	'n'
      000105 60                     309 	.db #0x60	; 96
      000106 3C                     310 	.db #0x3c	; 60
      000107 00                     311 	.db #0x00	; 0
      000108 3C                     312 	.db #0x3c	; 60
      000109 66                     313 	.db #0x66	; 102	'f'
      00010A 66                     314 	.db #0x66	; 102	'f'
      00010B 7E                     315 	.db #0x7e	; 126
      00010C 66                     316 	.db #0x66	; 102	'f'
      00010D 66                     317 	.db #0x66	; 102	'f'
      00010E 66                     318 	.db #0x66	; 102	'f'
      00010F 00                     319 	.db #0x00	; 0
      000110 7C                     320 	.db #0x7c	; 124
      000111 66                     321 	.db #0x66	; 102	'f'
      000112 66                     322 	.db #0x66	; 102	'f'
      000113 7C                     323 	.db #0x7c	; 124
      000114 66                     324 	.db #0x66	; 102	'f'
      000115 66                     325 	.db #0x66	; 102	'f'
      000116 7C                     326 	.db #0x7c	; 124
      000117 00                     327 	.db #0x00	; 0
      000118 3C                     328 	.db #0x3c	; 60
      000119 66                     329 	.db #0x66	; 102	'f'
      00011A 60                     330 	.db #0x60	; 96
      00011B 60                     331 	.db #0x60	; 96
      00011C 60                     332 	.db #0x60	; 96
      00011D 66                     333 	.db #0x66	; 102	'f'
      00011E 3C                     334 	.db #0x3c	; 60
      00011F 00                     335 	.db #0x00	; 0
      000120 78                     336 	.db #0x78	; 120	'x'
      000121 6C                     337 	.db #0x6c	; 108	'l'
      000122 66                     338 	.db #0x66	; 102	'f'
      000123 66                     339 	.db #0x66	; 102	'f'
      000124 66                     340 	.db #0x66	; 102	'f'
      000125 6C                     341 	.db #0x6c	; 108	'l'
      000126 78                     342 	.db #0x78	; 120	'x'
      000127 00                     343 	.db #0x00	; 0
      000128 7E                     344 	.db #0x7e	; 126
      000129 60                     345 	.db #0x60	; 96
      00012A 60                     346 	.db #0x60	; 96
      00012B 7C                     347 	.db #0x7c	; 124
      00012C 60                     348 	.db #0x60	; 96
      00012D 60                     349 	.db #0x60	; 96
      00012E 7E                     350 	.db #0x7e	; 126
      00012F 00                     351 	.db #0x00	; 0
      000130 7E                     352 	.db #0x7e	; 126
      000131 60                     353 	.db #0x60	; 96
      000132 60                     354 	.db #0x60	; 96
      000133 7C                     355 	.db #0x7c	; 124
      000134 60                     356 	.db #0x60	; 96
      000135 60                     357 	.db #0x60	; 96
      000136 60                     358 	.db #0x60	; 96
      000137 00                     359 	.db #0x00	; 0
      000138 3C                     360 	.db #0x3c	; 60
      000139 66                     361 	.db #0x66	; 102	'f'
      00013A 60                     362 	.db #0x60	; 96
      00013B 6E                     363 	.db #0x6e	; 110	'n'
      00013C 66                     364 	.db #0x66	; 102	'f'
      00013D 66                     365 	.db #0x66	; 102	'f'
      00013E 3C                     366 	.db #0x3c	; 60
      00013F 00                     367 	.db #0x00	; 0
      000140 66                     368 	.db #0x66	; 102	'f'
      000141 66                     369 	.db #0x66	; 102	'f'
      000142 66                     370 	.db #0x66	; 102	'f'
      000143 7E                     371 	.db #0x7e	; 126
      000144 66                     372 	.db #0x66	; 102	'f'
      000145 66                     373 	.db #0x66	; 102	'f'
      000146 66                     374 	.db #0x66	; 102	'f'
      000147 00                     375 	.db #0x00	; 0
      000148 7E                     376 	.db #0x7e	; 126
      000149 18                     377 	.db #0x18	; 24
      00014A 18                     378 	.db #0x18	; 24
      00014B 18                     379 	.db #0x18	; 24
      00014C 18                     380 	.db #0x18	; 24
      00014D 18                     381 	.db #0x18	; 24
      00014E 7E                     382 	.db #0x7e	; 126
      00014F 00                     383 	.db #0x00	; 0
      000150 3E                     384 	.db #0x3e	; 62
      000151 0C                     385 	.db #0x0c	; 12
      000152 0C                     386 	.db #0x0c	; 12
      000153 0C                     387 	.db #0x0c	; 12
      000154 0C                     388 	.db #0x0c	; 12
      000155 6C                     389 	.db #0x6c	; 108	'l'
      000156 38                     390 	.db #0x38	; 56	'8'
      000157 00                     391 	.db #0x00	; 0
      000158 66                     392 	.db #0x66	; 102	'f'
      000159 6C                     393 	.db #0x6c	; 108	'l'
      00015A 78                     394 	.db #0x78	; 120	'x'
      00015B 70                     395 	.db #0x70	; 112	'p'
      00015C 78                     396 	.db #0x78	; 120	'x'
      00015D 6C                     397 	.db #0x6c	; 108	'l'
      00015E 66                     398 	.db #0x66	; 102	'f'
      00015F 00                     399 	.db #0x00	; 0
      000160 60                     400 	.db #0x60	; 96
      000161 60                     401 	.db #0x60	; 96
      000162 60                     402 	.db #0x60	; 96
      000163 60                     403 	.db #0x60	; 96
      000164 60                     404 	.db #0x60	; 96
      000165 60                     405 	.db #0x60	; 96
      000166 7E                     406 	.db #0x7e	; 126
      000167 00                     407 	.db #0x00	; 0
      000168 63                     408 	.db #0x63	; 99	'c'
      000169 77                     409 	.db #0x77	; 119	'w'
      00016A 7F                     410 	.db #0x7f	; 127
      00016B 6B                     411 	.db #0x6b	; 107	'k'
      00016C 6B                     412 	.db #0x6b	; 107	'k'
      00016D 63                     413 	.db #0x63	; 99	'c'
      00016E 63                     414 	.db #0x63	; 99	'c'
      00016F 00                     415 	.db #0x00	; 0
      000170 66                     416 	.db #0x66	; 102	'f'
      000171 66                     417 	.db #0x66	; 102	'f'
      000172 76                     418 	.db #0x76	; 118	'v'
      000173 7E                     419 	.db #0x7e	; 126
      000174 6E                     420 	.db #0x6e	; 110	'n'
      000175 66                     421 	.db #0x66	; 102	'f'
      000176 66                     422 	.db #0x66	; 102	'f'
      000177 00                     423 	.db #0x00	; 0
      000178 3C                     424 	.db #0x3c	; 60
      000179 66                     425 	.db #0x66	; 102	'f'
      00017A 66                     426 	.db #0x66	; 102	'f'
      00017B 66                     427 	.db #0x66	; 102	'f'
      00017C 66                     428 	.db #0x66	; 102	'f'
      00017D 66                     429 	.db #0x66	; 102	'f'
      00017E 3C                     430 	.db #0x3c	; 60
      00017F 00                     431 	.db #0x00	; 0
      000180 7C                     432 	.db #0x7c	; 124
      000181 66                     433 	.db #0x66	; 102	'f'
      000182 66                     434 	.db #0x66	; 102	'f'
      000183 7C                     435 	.db #0x7c	; 124
      000184 60                     436 	.db #0x60	; 96
      000185 60                     437 	.db #0x60	; 96
      000186 60                     438 	.db #0x60	; 96
      000187 00                     439 	.db #0x00	; 0
      000188 3C                     440 	.db #0x3c	; 60
      000189 66                     441 	.db #0x66	; 102	'f'
      00018A 66                     442 	.db #0x66	; 102	'f'
      00018B 66                     443 	.db #0x66	; 102	'f'
      00018C 6A                     444 	.db #0x6a	; 106	'j'
      00018D 6C                     445 	.db #0x6c	; 108	'l'
      00018E 36                     446 	.db #0x36	; 54	'6'
      00018F 00                     447 	.db #0x00	; 0
      000190 7C                     448 	.db #0x7c	; 124
      000191 66                     449 	.db #0x66	; 102	'f'
      000192 66                     450 	.db #0x66	; 102	'f'
      000193 7C                     451 	.db #0x7c	; 124
      000194 6C                     452 	.db #0x6c	; 108	'l'
      000195 66                     453 	.db #0x66	; 102	'f'
      000196 66                     454 	.db #0x66	; 102	'f'
      000197 00                     455 	.db #0x00	; 0
      000198 3C                     456 	.db #0x3c	; 60
      000199 66                     457 	.db #0x66	; 102	'f'
      00019A 60                     458 	.db #0x60	; 96
      00019B 3C                     459 	.db #0x3c	; 60
      00019C 06                     460 	.db #0x06	; 6
      00019D 66                     461 	.db #0x66	; 102	'f'
      00019E 3C                     462 	.db #0x3c	; 60
      00019F 00                     463 	.db #0x00	; 0
      0001A0 7E                     464 	.db #0x7e	; 126
      0001A1 18                     465 	.db #0x18	; 24
      0001A2 18                     466 	.db #0x18	; 24
      0001A3 18                     467 	.db #0x18	; 24
      0001A4 18                     468 	.db #0x18	; 24
      0001A5 18                     469 	.db #0x18	; 24
      0001A6 18                     470 	.db #0x18	; 24
      0001A7 00                     471 	.db #0x00	; 0
      0001A8 66                     472 	.db #0x66	; 102	'f'
      0001A9 66                     473 	.db #0x66	; 102	'f'
      0001AA 66                     474 	.db #0x66	; 102	'f'
      0001AB 66                     475 	.db #0x66	; 102	'f'
      0001AC 66                     476 	.db #0x66	; 102	'f'
      0001AD 66                     477 	.db #0x66	; 102	'f'
      0001AE 3C                     478 	.db #0x3c	; 60
      0001AF 00                     479 	.db #0x00	; 0
      0001B0 66                     480 	.db #0x66	; 102	'f'
      0001B1 66                     481 	.db #0x66	; 102	'f'
      0001B2 66                     482 	.db #0x66	; 102	'f'
      0001B3 66                     483 	.db #0x66	; 102	'f'
      0001B4 66                     484 	.db #0x66	; 102	'f'
      0001B5 3C                     485 	.db #0x3c	; 60
      0001B6 18                     486 	.db #0x18	; 24
      0001B7 00                     487 	.db #0x00	; 0
      0001B8 63                     488 	.db #0x63	; 99	'c'
      0001B9 63                     489 	.db #0x63	; 99	'c'
      0001BA 6B                     490 	.db #0x6b	; 107	'k'
      0001BB 6B                     491 	.db #0x6b	; 107	'k'
      0001BC 7F                     492 	.db #0x7f	; 127
      0001BD 77                     493 	.db #0x77	; 119	'w'
      0001BE 63                     494 	.db #0x63	; 99	'c'
      0001BF 00                     495 	.db #0x00	; 0
      0001C0 66                     496 	.db #0x66	; 102	'f'
      0001C1 66                     497 	.db #0x66	; 102	'f'
      0001C2 3C                     498 	.db #0x3c	; 60
      0001C3 18                     499 	.db #0x18	; 24
      0001C4 3C                     500 	.db #0x3c	; 60
      0001C5 66                     501 	.db #0x66	; 102	'f'
      0001C6 66                     502 	.db #0x66	; 102	'f'
      0001C7 00                     503 	.db #0x00	; 0
      0001C8 66                     504 	.db #0x66	; 102	'f'
      0001C9 66                     505 	.db #0x66	; 102	'f'
      0001CA 66                     506 	.db #0x66	; 102	'f'
      0001CB 3C                     507 	.db #0x3c	; 60
      0001CC 18                     508 	.db #0x18	; 24
      0001CD 18                     509 	.db #0x18	; 24
      0001CE 18                     510 	.db #0x18	; 24
      0001CF 00                     511 	.db #0x00	; 0
      0001D0 7E                     512 	.db #0x7e	; 126
      0001D1 06                     513 	.db #0x06	; 6
      0001D2 0C                     514 	.db #0x0c	; 12
      0001D3 18                     515 	.db #0x18	; 24
      0001D4 30                     516 	.db #0x30	; 48	'0'
      0001D5 60                     517 	.db #0x60	; 96
      0001D6 7E                     518 	.db #0x7e	; 126
      0001D7 00                     519 	.db #0x00	; 0
      0001D8 7C                     520 	.db #0x7c	; 124
      0001D9 60                     521 	.db #0x60	; 96
      0001DA 60                     522 	.db #0x60	; 96
      0001DB 60                     523 	.db #0x60	; 96
      0001DC 60                     524 	.db #0x60	; 96
      0001DD 60                     525 	.db #0x60	; 96
      0001DE 7C                     526 	.db #0x7c	; 124
      0001DF 00                     527 	.db #0x00	; 0
      0001E0 00                     528 	.db #0x00	; 0
      0001E1 60                     529 	.db #0x60	; 96
      0001E2 30                     530 	.db #0x30	; 48	'0'
      0001E3 18                     531 	.db #0x18	; 24
      0001E4 0C                     532 	.db #0x0c	; 12
      0001E5 06                     533 	.db #0x06	; 6
      0001E6 00                     534 	.db #0x00	; 0
      0001E7 00                     535 	.db #0x00	; 0
      0001E8 3E                     536 	.db #0x3e	; 62
      0001E9 06                     537 	.db #0x06	; 6
      0001EA 06                     538 	.db #0x06	; 6
      0001EB 06                     539 	.db #0x06	; 6
      0001EC 06                     540 	.db #0x06	; 6
      0001ED 06                     541 	.db #0x06	; 6
      0001EE 3E                     542 	.db #0x3e	; 62
      0001EF 00                     543 	.db #0x00	; 0
      0001F0 3C                     544 	.db #0x3c	; 60
      0001F1 66                     545 	.db #0x66	; 102	'f'
      0001F2 00                     546 	.db #0x00	; 0
      0001F3 00                     547 	.db #0x00	; 0
      0001F4 00                     548 	.db #0x00	; 0
      0001F5 00                     549 	.db #0x00	; 0
      0001F6 00                     550 	.db #0x00	; 0
      0001F7 00                     551 	.db #0x00	; 0
      0001F8 00                     552 	.db #0x00	; 0
      0001F9 00                     553 	.db #0x00	; 0
      0001FA 00                     554 	.db #0x00	; 0
      0001FB 00                     555 	.db #0x00	; 0
      0001FC 00                     556 	.db #0x00	; 0
      0001FD 00                     557 	.db #0x00	; 0
      0001FE 00                     558 	.db #0x00	; 0
      0001FF FF                     559 	.db #0xff	; 255
      000200 30                     560 	.db #0x30	; 48	'0'
      000201 18                     561 	.db #0x18	; 24
      000202 00                     562 	.db #0x00	; 0
      000203 00                     563 	.db #0x00	; 0
      000204 00                     564 	.db #0x00	; 0
      000205 00                     565 	.db #0x00	; 0
      000206 00                     566 	.db #0x00	; 0
      000207 00                     567 	.db #0x00	; 0
      000208 00                     568 	.db #0x00	; 0
      000209 00                     569 	.db #0x00	; 0
      00020A 3C                     570 	.db #0x3c	; 60
      00020B 06                     571 	.db #0x06	; 6
      00020C 3E                     572 	.db #0x3e	; 62
      00020D 66                     573 	.db #0x66	; 102	'f'
      00020E 3E                     574 	.db #0x3e	; 62
      00020F 00                     575 	.db #0x00	; 0
      000210 60                     576 	.db #0x60	; 96
      000211 60                     577 	.db #0x60	; 96
      000212 7C                     578 	.db #0x7c	; 124
      000213 66                     579 	.db #0x66	; 102	'f'
      000214 66                     580 	.db #0x66	; 102	'f'
      000215 66                     581 	.db #0x66	; 102	'f'
      000216 7C                     582 	.db #0x7c	; 124
      000217 00                     583 	.db #0x00	; 0
      000218 00                     584 	.db #0x00	; 0
      000219 00                     585 	.db #0x00	; 0
      00021A 3C                     586 	.db #0x3c	; 60
      00021B 66                     587 	.db #0x66	; 102	'f'
      00021C 60                     588 	.db #0x60	; 96
      00021D 66                     589 	.db #0x66	; 102	'f'
      00021E 3C                     590 	.db #0x3c	; 60
      00021F 00                     591 	.db #0x00	; 0
      000220 06                     592 	.db #0x06	; 6
      000221 06                     593 	.db #0x06	; 6
      000222 3E                     594 	.db #0x3e	; 62
      000223 66                     595 	.db #0x66	; 102	'f'
      000224 66                     596 	.db #0x66	; 102	'f'
      000225 66                     597 	.db #0x66	; 102	'f'
      000226 3E                     598 	.db #0x3e	; 62
      000227 00                     599 	.db #0x00	; 0
      000228 00                     600 	.db #0x00	; 0
      000229 00                     601 	.db #0x00	; 0
      00022A 3C                     602 	.db #0x3c	; 60
      00022B 66                     603 	.db #0x66	; 102	'f'
      00022C 7E                     604 	.db #0x7e	; 126
      00022D 60                     605 	.db #0x60	; 96
      00022E 3C                     606 	.db #0x3c	; 60
      00022F 00                     607 	.db #0x00	; 0
      000230 1C                     608 	.db #0x1c	; 28
      000231 30                     609 	.db #0x30	; 48	'0'
      000232 30                     610 	.db #0x30	; 48	'0'
      000233 7C                     611 	.db #0x7c	; 124
      000234 30                     612 	.db #0x30	; 48	'0'
      000235 30                     613 	.db #0x30	; 48	'0'
      000236 30                     614 	.db #0x30	; 48	'0'
      000237 00                     615 	.db #0x00	; 0
      000238 00                     616 	.db #0x00	; 0
      000239 00                     617 	.db #0x00	; 0
      00023A 3E                     618 	.db #0x3e	; 62
      00023B 66                     619 	.db #0x66	; 102	'f'
      00023C 66                     620 	.db #0x66	; 102	'f'
      00023D 3E                     621 	.db #0x3e	; 62
      00023E 06                     622 	.db #0x06	; 6
      00023F 3C                     623 	.db #0x3c	; 60
      000240 60                     624 	.db #0x60	; 96
      000241 60                     625 	.db #0x60	; 96
      000242 7C                     626 	.db #0x7c	; 124
      000243 66                     627 	.db #0x66	; 102	'f'
      000244 66                     628 	.db #0x66	; 102	'f'
      000245 66                     629 	.db #0x66	; 102	'f'
      000246 66                     630 	.db #0x66	; 102	'f'
      000247 00                     631 	.db #0x00	; 0
      000248 18                     632 	.db #0x18	; 24
      000249 00                     633 	.db #0x00	; 0
      00024A 38                     634 	.db #0x38	; 56	'8'
      00024B 18                     635 	.db #0x18	; 24
      00024C 18                     636 	.db #0x18	; 24
      00024D 18                     637 	.db #0x18	; 24
      00024E 3C                     638 	.db #0x3c	; 60
      00024F 00                     639 	.db #0x00	; 0
      000250 18                     640 	.db #0x18	; 24
      000251 00                     641 	.db #0x00	; 0
      000252 38                     642 	.db #0x38	; 56	'8'
      000253 18                     643 	.db #0x18	; 24
      000254 18                     644 	.db #0x18	; 24
      000255 18                     645 	.db #0x18	; 24
      000256 18                     646 	.db #0x18	; 24
      000257 70                     647 	.db #0x70	; 112	'p'
      000258 60                     648 	.db #0x60	; 96
      000259 60                     649 	.db #0x60	; 96
      00025A 66                     650 	.db #0x66	; 102	'f'
      00025B 6C                     651 	.db #0x6c	; 108	'l'
      00025C 78                     652 	.db #0x78	; 120	'x'
      00025D 6C                     653 	.db #0x6c	; 108	'l'
      00025E 66                     654 	.db #0x66	; 102	'f'
      00025F 00                     655 	.db #0x00	; 0
      000260 38                     656 	.db #0x38	; 56	'8'
      000261 18                     657 	.db #0x18	; 24
      000262 18                     658 	.db #0x18	; 24
      000263 18                     659 	.db #0x18	; 24
      000264 18                     660 	.db #0x18	; 24
      000265 18                     661 	.db #0x18	; 24
      000266 3C                     662 	.db #0x3c	; 60
      000267 00                     663 	.db #0x00	; 0
      000268 00                     664 	.db #0x00	; 0
      000269 00                     665 	.db #0x00	; 0
      00026A 36                     666 	.db #0x36	; 54	'6'
      00026B 7F                     667 	.db #0x7f	; 127
      00026C 6B                     668 	.db #0x6b	; 107	'k'
      00026D 6B                     669 	.db #0x6b	; 107	'k'
      00026E 63                     670 	.db #0x63	; 99	'c'
      00026F 00                     671 	.db #0x00	; 0
      000270 00                     672 	.db #0x00	; 0
      000271 00                     673 	.db #0x00	; 0
      000272 7C                     674 	.db #0x7c	; 124
      000273 66                     675 	.db #0x66	; 102	'f'
      000274 66                     676 	.db #0x66	; 102	'f'
      000275 66                     677 	.db #0x66	; 102	'f'
      000276 66                     678 	.db #0x66	; 102	'f'
      000277 00                     679 	.db #0x00	; 0
      000278 00                     680 	.db #0x00	; 0
      000279 00                     681 	.db #0x00	; 0
      00027A 3C                     682 	.db #0x3c	; 60
      00027B 66                     683 	.db #0x66	; 102	'f'
      00027C 66                     684 	.db #0x66	; 102	'f'
      00027D 66                     685 	.db #0x66	; 102	'f'
      00027E 3C                     686 	.db #0x3c	; 60
      00027F 00                     687 	.db #0x00	; 0
      000280 00                     688 	.db #0x00	; 0
      000281 00                     689 	.db #0x00	; 0
      000282 7C                     690 	.db #0x7c	; 124
      000283 66                     691 	.db #0x66	; 102	'f'
      000284 66                     692 	.db #0x66	; 102	'f'
      000285 7C                     693 	.db #0x7c	; 124
      000286 60                     694 	.db #0x60	; 96
      000287 60                     695 	.db #0x60	; 96
      000288 00                     696 	.db #0x00	; 0
      000289 00                     697 	.db #0x00	; 0
      00028A 3E                     698 	.db #0x3e	; 62
      00028B 66                     699 	.db #0x66	; 102	'f'
      00028C 66                     700 	.db #0x66	; 102	'f'
      00028D 3E                     701 	.db #0x3e	; 62
      00028E 06                     702 	.db #0x06	; 6
      00028F 07                     703 	.db #0x07	; 7
      000290 00                     704 	.db #0x00	; 0
      000291 00                     705 	.db #0x00	; 0
      000292 6C                     706 	.db #0x6c	; 108	'l'
      000293 76                     707 	.db #0x76	; 118	'v'
      000294 60                     708 	.db #0x60	; 96
      000295 60                     709 	.db #0x60	; 96
      000296 60                     710 	.db #0x60	; 96
      000297 00                     711 	.db #0x00	; 0
      000298 00                     712 	.db #0x00	; 0
      000299 00                     713 	.db #0x00	; 0
      00029A 3E                     714 	.db #0x3e	; 62
      00029B 60                     715 	.db #0x60	; 96
      00029C 3C                     716 	.db #0x3c	; 60
      00029D 06                     717 	.db #0x06	; 6
      00029E 7C                     718 	.db #0x7c	; 124
      00029F 00                     719 	.db #0x00	; 0
      0002A0 30                     720 	.db #0x30	; 48	'0'
      0002A1 30                     721 	.db #0x30	; 48	'0'
      0002A2 7C                     722 	.db #0x7c	; 124
      0002A3 30                     723 	.db #0x30	; 48	'0'
      0002A4 30                     724 	.db #0x30	; 48	'0'
      0002A5 30                     725 	.db #0x30	; 48	'0'
      0002A6 1C                     726 	.db #0x1c	; 28
      0002A7 00                     727 	.db #0x00	; 0
      0002A8 00                     728 	.db #0x00	; 0
      0002A9 00                     729 	.db #0x00	; 0
      0002AA 66                     730 	.db #0x66	; 102	'f'
      0002AB 66                     731 	.db #0x66	; 102	'f'
      0002AC 66                     732 	.db #0x66	; 102	'f'
      0002AD 66                     733 	.db #0x66	; 102	'f'
      0002AE 3E                     734 	.db #0x3e	; 62
      0002AF 00                     735 	.db #0x00	; 0
      0002B0 00                     736 	.db #0x00	; 0
      0002B1 00                     737 	.db #0x00	; 0
      0002B2 66                     738 	.db #0x66	; 102	'f'
      0002B3 66                     739 	.db #0x66	; 102	'f'
      0002B4 66                     740 	.db #0x66	; 102	'f'
      0002B5 3C                     741 	.db #0x3c	; 60
      0002B6 18                     742 	.db #0x18	; 24
      0002B7 00                     743 	.db #0x00	; 0
      0002B8 00                     744 	.db #0x00	; 0
      0002B9 00                     745 	.db #0x00	; 0
      0002BA 63                     746 	.db #0x63	; 99	'c'
      0002BB 6B                     747 	.db #0x6b	; 107	'k'
      0002BC 6B                     748 	.db #0x6b	; 107	'k'
      0002BD 7F                     749 	.db #0x7f	; 127
      0002BE 36                     750 	.db #0x36	; 54	'6'
      0002BF 00                     751 	.db #0x00	; 0
      0002C0 00                     752 	.db #0x00	; 0
      0002C1 00                     753 	.db #0x00	; 0
      0002C2 66                     754 	.db #0x66	; 102	'f'
      0002C3 3C                     755 	.db #0x3c	; 60
      0002C4 18                     756 	.db #0x18	; 24
      0002C5 3C                     757 	.db #0x3c	; 60
      0002C6 66                     758 	.db #0x66	; 102	'f'
      0002C7 00                     759 	.db #0x00	; 0
      0002C8 00                     760 	.db #0x00	; 0
      0002C9 00                     761 	.db #0x00	; 0
      0002CA 66                     762 	.db #0x66	; 102	'f'
      0002CB 66                     763 	.db #0x66	; 102	'f'
      0002CC 66                     764 	.db #0x66	; 102	'f'
      0002CD 3E                     765 	.db #0x3e	; 62
      0002CE 06                     766 	.db #0x06	; 6
      0002CF 3C                     767 	.db #0x3c	; 60
      0002D0 00                     768 	.db #0x00	; 0
      0002D1 00                     769 	.db #0x00	; 0
      0002D2 7E                     770 	.db #0x7e	; 126
      0002D3 0C                     771 	.db #0x0c	; 12
      0002D4 18                     772 	.db #0x18	; 24
      0002D5 30                     773 	.db #0x30	; 48	'0'
      0002D6 7E                     774 	.db #0x7e	; 126
      0002D7 00                     775 	.db #0x00	; 0
      0002D8 0C                     776 	.db #0x0c	; 12
      0002D9 18                     777 	.db #0x18	; 24
      0002DA 18                     778 	.db #0x18	; 24
      0002DB 70                     779 	.db #0x70	; 112	'p'
      0002DC 18                     780 	.db #0x18	; 24
      0002DD 18                     781 	.db #0x18	; 24
      0002DE 0C                     782 	.db #0x0c	; 12
      0002DF 00                     783 	.db #0x00	; 0
      0002E0 18                     784 	.db #0x18	; 24
      0002E1 18                     785 	.db #0x18	; 24
      0002E2 18                     786 	.db #0x18	; 24
      0002E3 18                     787 	.db #0x18	; 24
      0002E4 18                     788 	.db #0x18	; 24
      0002E5 18                     789 	.db #0x18	; 24
      0002E6 18                     790 	.db #0x18	; 24
      0002E7 00                     791 	.db #0x00	; 0
      0002E8 30                     792 	.db #0x30	; 48	'0'
      0002E9 18                     793 	.db #0x18	; 24
      0002EA 18                     794 	.db #0x18	; 24
      0002EB 0E                     795 	.db #0x0e	; 14
      0002EC 18                     796 	.db #0x18	; 24
      0002ED 18                     797 	.db #0x18	; 24
      0002EE 30                     798 	.db #0x30	; 48	'0'
      0002EF 00                     799 	.db #0x00	; 0
      0002F0 31                     800 	.db #0x31	; 49	'1'
      0002F1 6B                     801 	.db #0x6b	; 107	'k'
      0002F2 46                     802 	.db #0x46	; 70	'F'
      0002F3 00                     803 	.db #0x00	; 0
      0002F4 00                     804 	.db #0x00	; 0
      0002F5 00                     805 	.db #0x00	; 0
      0002F6 00                     806 	.db #0x00	; 0
      0002F7 00                     807 	.db #0x00	; 0
      0002F8 FF                     808 	.db #0xff	; 255
      0002F9 FF                     809 	.db #0xff	; 255
      0002FA FF                     810 	.db #0xff	; 255
      0002FB FF                     811 	.db #0xff	; 255
      0002FC FF                     812 	.db #0xff	; 255
      0002FD FF                     813 	.db #0xff	; 255
      0002FE FF                     814 	.db #0xff	; 255
      0002FF FF                     815 	.db #0xff	; 255
                                    816 	.area _INITIALIZER
      000000                        817 __xinit__font_1bpp_size:
      000000 00 03                  818 	.dw #0x0300
                                    819 	.area _CABS (ABS)
